# JRE version: OpenJDK Runtime Environment Temurin-21.0.7+6 (21.0.7+6) (build 21.0.7+6-LTS)
# Java VM: OpenJDK 64-Bit Server VM Temurin-21.0.7+6 (21.0.7+6-LTS, mixed mode, sharing, tiered, compressed oops, compressed class ptrs, g1 gc, windows-amd64)
GC Precious Log:
 CardTable entry size: 512
 Card Set container configuration: InlinePtr #cards 4 size 8 Array Of Cards #cards 16 size 48 Howl #buckets 8 coarsen threshold 3686 Howl Bitmap #cards 512 size 80 coarsen threshold 460 Card regions per heap region 1 cards per card region 4096
 CPUs: 12 total, 12 available
 Memory: 16338M
 Large Page Support: Disabled
 NUMA Support: Disabled
 Compressed Oops: Enabled (Zero based)
 Heap Region Size: 2M
 Heap Min Capacity: 8M
 Heap Initial Capacity: 256M
 Heap Max Capacity: 4086M
 Pre-touch: Disabled
 Parallel Workers: 10
 Concurrent Workers: 3
 Concurrent Refinement Workers: 10
 Periodic GC: Disabled
Heap:
 garbage-first heap   total 747520K, used 518606K [0x0000000700a00000, 0x0000000800000000)
  region size 2048K, 17 young (34816K), 8 survivors (16384K)
 Metaspace       used 14595K, committed 14912K, reserved 1114112K
  class space    used 1395K, committed 1536K, reserved 1048576K
GC Heap History (20 events):
Event: 2.250 GC heap before
{Heap before GC invocations=3 (full 0):
 garbage-first heap   total 323584K, used 142905K [0x0000000700a00000, 0x0000000800000000)
  region size 2048K, 34 young (69632K), 10 survivors (20480K)
 Metaspace       used 14512K, committed 14784K, reserved 1114112K
  class space    used 1386K, committed 1536K, reserved 1048576K
}
Event: 2.264 GC heap after
{Heap after GC invocations=4 (full 0):
 garbage-first heap   total 323584K, used 128945K [0x0000000700a00000, 0x0000000800000000)
  region size 2048K, 5 young (10240K), 5 survivors (10240K)
 Metaspace       used 14512K, committed 14784K, reserved 1114112K
  class space    used 1386K, committed 1536K, reserved 1048576K
}
Event: 2.301 GC heap before
{Heap before GC invocations=4 (full 0):
 garbage-first heap   total 323584K, used 176049K [0x0000000700a00000, 0x0000000800000000)
  region size 2048K, 28 young (57344K), 5 survivors (10240K)
 Metaspace       used 14527K, committed 14848K, reserved 1114112K
  class space    used 1386K, committed 1536K, reserved 1048576K
}
Event: 2.310 GC heap after
{Heap after GC invocations=5 (full 0):
 garbage-first heap   total 323584K, used 165590K [0x0000000700a00000, 0x0000000800000000)
  region size 2048K, 4 young (8192K), 4 survivors (8192K)
 Metaspace       used 14527K, committed 14848K, reserved 1114112K
  class space    used 1386K, committed 1536K, reserved 1048576K
}
Event: 2.355 GC heap before
{Heap before GC invocations=5 (full 0):
 garbage-first heap   total 323584K, used 222934K [0x0000000700a00000, 0x0000000800000000)
  region size 2048K, 32 young (65536K), 4 survivors (8192K)
 Metaspace       used 14530K, committed 14848K, reserved 1114112K
  class space    used 1386K, committed 1536K, reserved 1048576K
}
Event: 2.364 GC heap after
{Heap after GC invocations=6 (full 0):
 garbage-first heap   total 323584K, used 205530K [0x0000000700a00000, 0x0000000800000000)
  region size 2048K, 4 young (8192K), 4 survivors (8192K)
 Metaspace       used 14530K, committed 14848K, reserved 1114112K
  class space    used 1386K, committed 1536K, reserved 1048576K
}
Event: 2.405 GC heap before
{Heap before GC invocations=6 (full 0):
 garbage-first heap   total 323584K, used 250586K [0x0000000700a00000, 0x0000000800000000)
  region size 2048K, 26 young (53248K), 4 survivors (8192K)
 Metaspace       used 14536K, committed 14848K, reserved 1114112K
  class space    used 1386K, committed 1536K, reserved 1048576K
}
Event: 2.414 GC heap after
{Heap after GC invocations=7 (full 0):
 garbage-first heap   total 708608K, used 238281K [0x0000000700a00000, 0x0000000800000000)
  region size 2048K, 4 young (8192K), 4 survivors (8192K)
 Metaspace       used 14536K, committed 14848K, reserved 1114112K
  class space    used 1386K, committed 1536K, reserved 1048576K
}
Event: 2.523 GC heap before
{Heap before GC invocations=8 (full 0):
 garbage-first heap   total 708608K, used 346825K [0x0000000700a00000, 0x0000000800000000)
  region size 2048K, 57 young (116736K), 4 survivors (8192K)
 Metaspace       used 14537K, committed 14848K, reserved 1114112K
  class space    used 1386K, committed 1536K, reserved 1048576K
}
Event: 2.539 GC heap after
{Heap after GC invocations=9 (full 0):
 garbage-first heap   total 708608K, used 312320K [0x0000000700a00000, 0x0000000800000000)
  region size 2048K, 8 young (16384K), 8 survivors (16384K)
 Metaspace       used 14537K, committed 14848K, reserved 1114112K
  class space    used 1386K, committed 1536K, reserved 1048576K
}
Event: 2.629 GC heap before
{Heap before GC invocations=9 (full 0):
 garbage-first heap   total 708608K, used 443392K [0x0000000700a00000, 0x0000000800000000)
  region size 2048K, 72 young (147456K), 8 survivors (16384K)
 Metaspace       used 14545K, committed 14912K, reserved 1114112K
  class space    used 1386K, committed 1536K, reserved 1048576K
}
Event: 2.645 GC heap after
{Heap after GC invocations=10 (full 0):
 garbage-first heap   total 708608K, used 378880K [0x0000000700a00000, 0x0000000800000000)
  region size 2048K, 9 young (18432K), 9 survivors (18432K)
 Metaspace       used 14545K, committed 14912K, reserved 1114112K
  class space    used 1386K, committed 1536K, reserved 1048576K
}
Event: 2.733 GC heap before
{Heap before GC invocations=10 (full 0):
 garbage-first heap   total 708608K, used 514048K [0x0000000700a00000, 0x0000000800000000)
  region size 2048K, 75 young (153600K), 9 survivors (18432K)
 Metaspace       used 14545K, committed 14912K, reserved 1114112K
  class space    used 1386K, committed 1536K, reserved 1048576K
}
Event: 2.749 GC heap after
{Heap after GC invocations=11 (full 0):
 garbage-first heap   total 708608K, used 447488K [0x0000000700a00000, 0x0000000800000000)
  region size 2048K, 10 young (20480K), 10 survivors (20480K)
 Metaspace       used 14545K, committed 14912K, reserved 1114112K
  class space    used 1386K, committed 1536K, reserved 1048576K
}
Event: 2.883 GC heap before
{Heap before GC invocations=11 (full 0):
 garbage-first heap   total 747520K, used 553984K [0x0000000700a00000, 0x0000000800000000)
  region size 2048K, 63 young (129024K), 10 survivors (20480K)
 Metaspace       used 14551K, committed 14912K, reserved 1114112K
  class space    used 1386K, committed 1536K, reserved 1048576K
}
Event: 2.894 GC heap after
{Heap after GC invocations=12 (full 0):
 garbage-first heap   total 747520K, used 485376K [0x0000000700a00000, 0x0000000800000000)
  region size 2048K, 8 young (16384K), 8 survivors (16384K)
 Metaspace       used 14551K, committed 14912K, reserved 1114112K
  class space    used 1386K, committed 1536K, reserved 1048576K
}
Event: 3.177 GC heap before
{Heap before GC invocations=13 (full 0):
 garbage-first heap   total 747520K, used 600064K [0x0000000700a00000, 0x0000000800000000)
  region size 2048K, 64 young (131072K), 8 survivors (16384K)
 Metaspace       used 14553K, committed 14912K, reserved 1114112K
  class space    used 1386K, committed 1536K, reserved 1048576K
}
Event: 3.183 GC heap after
{Heap after GC invocations=14 (full 0):
 garbage-first heap   total 747520K, used 494291K [0x0000000700a00000, 0x0000000800000000)
  region size 2048K, 3 young (6144K), 3 survivors (6144K)
 Metaspace       used 14553K, committed 14912K, reserved 1114112K
  class space    used 1386K, committed 1536K, reserved 1048576K
}
Event: 3.755 GC heap before
{Heap before GC invocations=14 (full 0):
 garbage-first heap   total 747520K, used 615123K [0x0000000700a00000, 0x0000000800000000)
  region size 2048K, 62 young (126976K), 3 survivors (6144K)
 Metaspace       used 14561K, committed 14912K, reserved 1114112K
  class space    used 1389K, committed 1536K, reserved 1048576K
}
Event: 3.760 GC heap after
{Heap after GC invocations=15 (full 0):
 garbage-first heap   total 747520K, used 504270K [0x0000000700a00000, 0x0000000800000000)
  region size 2048K, 8 young (16384K), 8 survivors (16384K)
 Metaspace       used 14561K, committed 14912K, reserved 1114112K
  class space    used 1389K, committed 1536K, reserved 1048576K
}

